<?xml version="1.0" encoding="UTF-8"?>
<!-- Generated by org.testng.reporters.JUnitXMLReporter -->
<testsuite hostname="Bansal" ignored="0" name="Test" tests="12" failures="0" timestamp="09 Dec 2019 03:56:49 GMT" time="118.11" errors="0">
  <testcase name="LoginTest10_Test" time="3.923" classname="test.LoginTest"/>
  <testcase name="LoginTest11_Test" time="0.501" classname="test.LoginTest"/>
  <testcase name="LoginTest12_Test" time="0.473" classname="test.LoginTest"/>
  <testcase name="LoginTest1_Test" time="13.593" classname="test.LoginTest"/>
  <testcase name="LoginTest2_Test" time="16.835" classname="test.LoginTest"/>
  <testcase name="LoginTest3_Test" time="13.517" classname="test.LoginTest"/>
  <testcase name="LoginTest4_Test" time="10.627" classname="test.LoginTest"/>
  <testcase name="LoginTest5_Test" time="10.563" classname="test.LoginTest"/>
  <testcase name="LoginTest6_Test" time="10.608" classname="test.LoginTest"/>
  <testcase name="LoginTest7_Test" time="3.708" classname="test.LoginTest"/>
  <testcase name="LoginTest8_Test" time="1.534" classname="test.LoginTest"/>
  <testcase name="LoginTest9_Test" time="4.215" classname="test.LoginTest"/>
</testsuite> <!-- Test -->
